0 info it worked if it ends with ok
1 verbose cli [ 'C:\\Program Files\\nodejs\\\\node.exe',
1 verbose cli   'C:\\Program Files\\nodejs\\node_modules\\npm\\bin\\npm-cli.js',
1 verbose cli   'start' ]
2 info using npm@1.4.14
3 info using node@v0.10.29
4 verbose node symlink C:\Program Files\nodejs\\node.exe
5 verbose run-script [ 'prestart', 'start', 'poststart' ]
6 info prestart poll.js@0.0.1
7 verbose unsafe-perm in lifecycle true
8 info poll.js@0.0.1 Failed to exec prestart script
9 error poll.js@0.0.1 prestart: `mongod --dbpath mongod --dbpath C:/Users/Ashton/Documents/Code/poll.js/data`
9 error Exit status 2
10 error Failed at the poll.js@0.0.1 prestart script.
10 error This is most likely a problem with the poll.js package,
10 error not with npm itself.
10 error Tell the author that this fails on your system:
10 error     mongod --dbpath mongod --dbpath C:/Users/Ashton/Documents/Code/poll.js/data
10 error You can get their info via:
10 error     npm owner ls poll.js
10 error There is likely additional logging output above.
11 error System Windows_NT 6.1.7601
12 error command "C:\\Program Files\\nodejs\\\\node.exe" "C:\\Program Files\\nodejs\\node_modules\\npm\\bin\\npm-cli.js" "start"
13 error cwd C:\Users\Ashton\Documents\Code\poll.js
14 error node -v v0.10.29
15 error npm -v 1.4.14
16 error code ELIFECYCLE
17 verbose exit [ 1, true ]
